{"@t":"2025-02-21T23:59:31.3118978+03:00","@mt":"Client application starting..."}
{"@t":"2025-02-21T23:59:31.8928236+03:00","@mt":"\u001B[36mApplication running..."}
{"@t":"2025-02-21T23:59:31.8952381+03:00","@mt":"\u001B[32mStarted Facade Example..."}
{"@t":"2025-02-21T23:59:32.0643671+03:00","@mt":"Light is on","SourceContext":"Patterns.Facade.Services.LightingService"}
{"@t":"2025-02-21T23:59:32.0713336+03:00","@mt":"Play","SourceContext":"Patterns.Facade.Services.MusicService"}
{"@t":"2025-02-21T23:59:32.0728167+03:00","@mt":"Evening Mode activated.","SourceContext":"Patterns.Facade.Facades.SmartHome"}
{"@t":"2025-02-21T23:59:32.0750570+03:00","@mt":"Light is off","SourceContext":"Patterns.Facade.Services.LightingService"}
{"@t":"2025-02-21T23:59:32.0765261+03:00","@mt":"Stop","SourceContext":"Patterns.Facade.Services.MusicService"}
{"@t":"2025-02-21T23:59:32.0780750+03:00","@mt":"Night Mode activated.","SourceContext":"Patterns.Facade.Facades.SmartHome"}
{"@t":"2025-02-21T23:59:32.0835511+03:00","@mt":"Light is on","SourceContext":"Patterns.Facade.Services.LightingService"}
{"@t":"2025-02-21T23:59:32.0847366+03:00","@mt":"Play","SourceContext":"Patterns.Facade.Services.MusicService"}
{"@t":"2025-02-21T23:59:32.0855842+03:00","@mt":"Evening Mode activated.","SourceContext":"Patterns.Facade.Facades.SmartHome"}
{"@t":"2025-02-21T23:59:32.0865841+03:00","@mt":"\u001B[33mFinished Facade Example..."}
{"@t":"2025-02-21T23:59:32.0876844+03:00","@mt":"\u001B[32mStarted Factory Method Example..."}
{"@t":"2025-02-21T23:59:32.0947410+03:00","@mt":"mage : Hill: 0; Health: 100; Name: Voin; "}
{"@t":"2025-02-21T23:59:32.0960027+03:00","@mt":"mageClone : Hill: 40; Health: 100; Name: Voin; "}
{"@t":"2025-02-21T23:59:32.1029165+03:00","@mt":"archer : Damage: 0; RadiusBow: 0; Health: 70; Name: sdsdsds; "}
{"@t":"2025-02-21T23:59:32.1049061+03:00","@mt":"\u001B[33mFinished Factory Method Example..."}
{"@t":"2025-02-21T23:59:32.1070365+03:00","@mt":"\u001B[32mStarted Builder Example..."}
{"@t":"2025-02-21T23:59:32.1331587+03:00","@mt":"\u001B[33mFinished Builder Example..."}
{"@t":"2025-02-21T23:59:32.1345020+03:00","@mt":"\u001B[32mStarted Adapter Example..."}
{"@t":"2025-02-21T23:59:32.1624462+03:00","@mt":"ПУК ПУК СРЕНЬК СТАРЫЙ СЕРВИС method {method:G}","@r":["\"MakePayment\""],"method":"MakePayment","SourceContext":"Patterns.Adapter.Services.LegacyPaymentService"}
{"@t":"2025-02-21T23:59:32.1732073+03:00","@mt":"Processing payment for 2131,123 for USD","SourceContext":"Patterns.Adapter.Services.NewPaymentService"}
{"@t":"2025-02-21T23:59:32.1752246+03:00","@mt":"Payment succeeded!","SourceContext":"Patterns.Adapter.Services.NewPaymentService"}
{"@t":"2025-02-21T23:59:32.1764170+03:00","@mt":"\u001B[33mFinished Adapter Example..."}
{"@t":"2025-02-21T23:59:32.1776490+03:00","@mt":"\u001B[36mApplication closed"}
